librga:RGA_GET_VERSION:4.00,4.000000 
ctx=0x557a06beb0,ctx->rgaFd=3 
Rga built version:e791643d 
GZDoom g4.8pre-604-g8ca5ff0ee-m - 2022-06-23 20:21:30 +0200 - SDL version
Compiled on Jul 19 2024

OS: AmberELEC (Community - AmberELEC is FREE! NOT FOR SALE!) 20211122, Linux 4.4.189 on aarch64
M_LoadDefaults: Load system defaults.
W_Init: Init WADfiles.
 adding /storage/TF2/Emus/magicmini/GZDOOM.pak/gzdoom.pk3, 668 lumps
 adding /storage/TF2/Emus/magicmini/GZDOOM.pak/game_support.pk3, 2514 lumps
 adding /storage/TF2/Roms/Doom (GZDOOM)/.iwads/freedoom1.wad, 3163 lumps
 adding /storage/TF2/Emus/magicmini/GZDOOM.pak/game_widescreen_gfx.pk3, 214 lumps
 adding /storage/TF2/Roms/Doom (GZDOOM)/.mods/LegendOfDoom/LegendOfDoom-1.1.0.pk3, 990 lumps
S_Init: Setting up sound.
I_InitSound: Initializing OpenAL
  Opened device ALSA Default
  EFX enabled
I_Init: Setting up machine state.
V_Init: allocate screen.
ST_Init: Init startup screen.
Checking cmd-line parameters...
S_InitData: Load sound definitions.
G_ParseMapInfo: Load map definitions.
Texman.Init: Init texture manager.
ParseTeamInfo: Load team definitions.
LoadActors: Load actor definitions.
script parsing took 1427.70 ms
R_Init: Init Doom refresh subsystem.
DecalLibrary: Load decals.
Adding dehacked patch freedoom1.wad:DEHACKED
Patch installed
M_Init: Init menus.
P_Init: Init Playloop state.
ParseSBarInfo: Loading custom status bar definition.
===========================================================================
This is Freedoom, the free content first person shooter.

Freedoom is freely redistributable under the terms of the modified BSD
license. Check out the Freedoom website for more information:

    https://freedoom.github.io/
============================================================================
D_CheckNetGame: Checking network game status.
player 1 of 1 (1 nodes)
Using video driver KMSDRM
GL_VENDOR: ARM
GL_RENDERER: Mali-G31
GL_VERSION: OpenGL ES 3.2 v1.r13p0-01rel0.8747d14aec16ec21ac2b2da252c4ec5f
GL_SHADING_LANGUAGE_VERSION: OpenGL ES GLSL ES 3.20
 GL_ARM_rgba8
 GL_ARM_mali_shader_binary
 GL_OES_depth24
 GL_OES_depth_texture
 GL_OES_depth_texture_cube_map
 GL_OES_packed_depth_stencil
 GL_OES_rgb8_rgba8
 GL_EXT_read_format_bgra
 GL_OES_compressed_paletted_texture
 GL_OES_compressed_ETC1_RGB8_texture
 GL_OES_standard_derivatives
 GL_OES_EGL_image
 GL_OES_EGL_image_external
 GL_OES_EGL_image_external_essl3
 GL_OES_EGL_sync
 GL_OES_texture_npot
 GL_OES_vertex_half_float
 GL_OES_required_internalformat
 GL_OES_vertex_array_object
 GL_OES_mapbuffer
 GL_EXT_texture_format_BGRA8888
 GL_EXT_texture_rg
 GL_EXT_texture_type_2_10_10_10_REV
 GL_OES_fbo_render_mipmap
 GL_OES_element_index_uint
 GL_EXT_shadow_samplers
 GL_OES_texture_compression_astc
 GL_KHR_texture_compression_astc_ldr
 GL_KHR_texture_compression_astc_hdr
 GL_KHR_texture_compression_astc_sliced_3d
 GL_EXT_texture_compression_astc_decode_mode
 GL_EXT_texture_compression_astc_decode_mode_rgb9e5
 GL_KHR_debug
 GL_EXT_occlusion_query_boolean
 GL_EXT_disjoint_timer_query
 GL_EXT_blend_minmax
 GL_EXT_discard_framebuffer
 GL_OES_get_program_binary
 GL_OES_texture_3D
 GL_EXT_texture_storage
 GL_EXT_multisampled_render_to_texture
 GL_OES_surfaceless_context
 GL_OES_texture_stencil8
 GL_EXT_shader_pixel_local_storage
 GL_ARM_shader_framebuffer_fetch
 GL_ARM_shader_framebuffer_fetch_depth_stencil
 GL_ARM_mali_program_binary
 GL_EXT_sRGB
 GL_EXT_sRGB_write_control
 GL_EXT_texture_sRGB_decode
 GL_EXT_texture_sRGB_R8
 GL_EXT_texture_sRGB_RG8
 GL_KHR_blend_equation_advanced
 GL_KHR_blend_equation_advanced_coherent
 GL_OES_texture_storage_multisample_2d_array
 GL_OES_shader_image_atomic
 GL_EXT_robustness
 GL_EXT_draw_buffers_indexed
 GL_OES_draw_buffers_indexed
 GL_EXT_texture_border_clamp
 GL_OES_texture_border_clamp
 GL_EXT_texture_cube_map_array
 GL_OES_texture_cube_map_array
 GL_OES_sample_variables
 GL_OES_sample_shading
 GL_OES_shader_multisample_interpolation
 GL_EXT_shader_io_blocks
 GL_OES_shader_io_blocks
 GL_EXT_tessellation_shader
 GL_OES_tessellation_shader
 GL_EXT_primitive_bounding_box
 GL_OES_primitive_bounding_box
 GL_EXT_geometry_shader
 GL_OES_geometry_shader
 GL_ANDROID_extension_pack_es31a
 GL_EXT_gpu_shader5
 GL_OES_gpu_shader5
 GL_EXT_texture_buffer
 GL_OES_texture_buffer
 GL_EXT_copy_image
 GL_OES_copy_image
 GL_EXT_shader_non_constant_global_initializers
 GL_EXT_color_buffer_half_float
 GL_EXT_color_buffer_float
 GL_EXT_YUV_target
 GL_OVR_multiview
 GL_OVR_multiview2
 GL_OVR_multiview_multisampled_render_to_texture
 GL_KHR_robustness
 GL_KHR_robust_buffer_access_behavior
 GL_EXT_draw_elements_base_vertex
 GL_OES_draw_elements_base_vertex
 GL_EXT_buffer_storage
GL_MAX_TEXTURE_SIZE: 8192
Resolution: 640 x 480

----------------------------------------

MAP01 - Hyrule

Config saved.

----------------------------------------

MAP01 - Hyrule

Config saved.
Config saved.
You got the wooden sword!
Picked up a rupee!
Picked up a rupee!
Picked up a small heart!
You picked up a fairy!
Player died.
