[INFO] RetroArch 1.17.0 (Git ad8975cb5a)
[INFO] === Build =======================================
[INFO] Capabilities: ASIMD 
[INFO] Version: 1.17.0
[INFO] Git: ad8975cb5a
[INFO] Built: Aug  5 2024
[INFO] =================================================
[INFO] [Input]: Found input driver: "udev".
[INFO] Cannot resolve save file path.
[INFO] Cannot resolve save state file path.
[INFO] [Environ]: SET_PIXEL_FORMAT: RGB565.
[INFO] [Core]: Version of libretro API: 1, Compiled against API: 1
[INFO] [Core]: Geometry: 320x240, Aspect: 1.333, FPS: 60.00, Sample rate: 48000.00 Hz.
[INFO] [Audio]: Set audio input rate to: 48000.00 Hz.
[INFO] [Video]: Set video size to: fullscreen.
[INFO] [Video]: Starting threaded video driver..
[INFO] [GL]: Found GL context: "kms".
[INFO] [GL]: Detecting screen resolution: 0x0.
[INFO] [GL]: Vendor: ARM, Renderer: Mali-G31.
[INFO] [GL]: Version: OpenGL ES 3.2 v1.r13p0-01rel0.8747d14aec16ec21ac2b2da252c4ec5f.
[INFO] [GL]: Using resolution 640x480.
[INFO] [GL]: Default shader backend found: glsl.
[INFO] [Shader driver]: Using GLSL shader backend.
[WARN] [GL]: Stock GLSL shaders will be used.
[INFO] [GLSL]: Found GLSL vertex shader.
[INFO] [GLSL]: Found GLSL fragment shader.
[INFO] [GLSL]: Linking GLSL program.
[INFO] [GLSL]: Found GLSL vertex shader.
[INFO] [GLSL]: Found GLSL fragment shader.
[INFO] [GLSL]: Linking GLSL program.
[INFO] [GLSL]: Found GLSL vertex shader.
[INFO] [GLSL]: Found GLSL fragment shader.
[INFO] [GLSL]: Linking GLSL program.
[INFO] [GL]: Using 4 textures.
[INFO] [GL]: Loaded 1 program(s).
[WARN] [udev]: Full-screen pointer won't be available.
[INFO] [udev]: Keyboard #0: "rk8xx_pwrkey" (/dev/input/event0).
[INFO] [udev]: Keyboard #1: "rg351-keys" (/dev/input/event3).
[INFO] [Autoconf]: GO-Super Gamepad (18507/4352) not configured.
[INFO] [udev]: Pad #0 (/dev/input/event2) supports force feedback.
[INFO] [udev]: Pad #0 (/dev/input/event2) supports 16 force feedback effects.
[INFO] [Joypad]: Found joypad driver: "udev".
[INFO] [Video]: Found display server: "null".
[WARN] [udev]: Mouse grab/ungrab feature unavailable.
[INFO] [ALSA] Using ALSA version 1.2.6.1
[INFO] [ALSA]: Using FLOAT_LE sample format for PLAYBACK device "default"
[INFO] [ALSA]: Period: 3 periods per buffer (1024 frames, 8192 bytes)
[INFO] [ALSA]: Buffer size: 3072 frames (24576 bytes)
[INFO] [ALSA]: Can pause: no.
[INFO] [ALSA]: Initialized PLAYBACK device "default"
[INFO] [Audio]: Started synchronous audio driver.
[INFO] [ALSA] Using ALSA version 1.2.6.1
[INFO] [Microphone]: Initialized microphone driver.
[INFO] [Display]: Found display driver: "gl".
[INFO] [Playlist]: Loading history file: "/storage/TF2/Tools/magicmini/RetroArch.pak/.config/retroarch/content_history.lpl".
[INFO] [Playlist]: Loading history file: "/storage/TF2/Tools/magicmini/RetroArch.pak/.config/retroarch/content_music_history.lpl".
[INFO] [Playlist]: Loading history file: "/storage/TF2/Tools/magicmini/RetroArch.pak/.config/retroarch/content_image_history.lpl".
[INFO] [Playlist]: Loading favorites file: "/storage/TF2/Tools/magicmini/RetroArch.pak/.config/retroarch/content_favorites.lpl".
[INFO] [Environ]: SET_SUBSYSTEM_INFO.
[INFO] [Content]: Updating firmware status for: "/storage/TF2/Tools/magicmini/RetroArch.pak/.config/retroarch/cores/fbneo_libretro.so" on "/storage/TF2/Tools/magicmini/RetroArch.pak/roms/bios".
[INFO] [Core]: Using content: "/storage/TF2/Roms/Vertical Arcade (VARCADE)/alpine.zip".
[INFO] [Core]: Content ran for a total of: 00 hours, 00 minutes, 00 seconds.
[INFO] [Core]: Unloading core..
[INFO] [Core]: Unloading core symbols..
[INFO] Threaded video stats: Frames pushed: 1137, Frames dropped: 0.
[INFO] RetroArch 1.17.0 (Git ad8975cb5a)
[INFO] === Build =======================================
[INFO] Capabilities: ASIMD 
[INFO] Version: 1.17.0
[INFO] Git: ad8975cb5a
[INFO] Built: Aug  5 2024
[INFO] =================================================
[INFO] [Input]: Found input driver: "udev".
[INFO] [Core]: Loading dynamic libretro core from: "/storage/TF2/Tools/magicmini/RetroArch.pak/.config/retroarch/cores/fbneo_libretro.so"
[INFO] [Overrides]: Redirecting save file to "/storage/TF2/Roms/Vertical Arcade (VARCADE)/alpine.srm".
[INFO] [Overrides]: Redirecting save state to "/storage/TF2/Roms/Vertical Arcade (VARCADE)/alpine.state".
[INFO] [Environ]: GET_LOG_INTERFACE.
[INFO] [Environ]: GET_MESSAGE_INTERFACE_VERSION.
[INFO] [Environ]: SET_AUDIO_BUFFER_STATUS_CALLBACK.
[INFO] [Content]: Content loading skipped. Implementation will load it on its own.
[INFO] [Environ]: SAVE_DIRECTORY: "/storage/TF2/Roms/Vertical Arcade (VARCADE)/".
[libretro INFO] Setting save dir to /storage/TF2/Roms/Vertical Arcade (VARCADE)/
[INFO] [Environ]: SYSTEM_DIRECTORY: "/storage/TF2/Tools/magicmini/RetroArch.pak/roms/bios".
[libretro INFO] Setting system dir to /storage/TF2/Tools/magicmini/RetroArch.pak/roms/bios
[INFO] [Environ]: SET_CONTROLLER_INFO.
[libretro INFO] Initialize DIP switches.
[INFO] [Environ]: GET_CORE_OPTIONS_VERSION.
[INFO] [Environ]: RETRO_ENVIRONMENT_SET_CORE_OPTIONS_V2.
[libretro INFO] [FBNeo] Searching all possible locations for romset alpine
[libretro INFO] [FBNeo] No patched romset found at /storage/TF2/Tools/magicmini/RetroArch.pak/roms/bios/fbneo/patched/alpine
[libretro INFO] [FBNeo] Romset found at /storage/TF2/Roms/Vertical Arcade (VARCADE)/alpine
[libretro INFO] [FBNeo] No romset found at /storage/TF2/Tools/magicmini/RetroArch.pak/roms/bios/fbneo/alpine
[libretro INFO] [FBNeo] No romset found at /storage/TF2/Tools/magicmini/RetroArch.pak/roms/bios/alpine
[libretro INFO] [FBNeo] Using ROM with known crc 0x6b2a69b7 and name rh16.069 from archive /storage/TF2/Roms/Vertical Arcade (VARCADE)/alpine
[libretro INFO] [FBNeo] Using ROM with known crc 0xe344b0b7 and name rh17.068 from archive /storage/TF2/Roms/Vertical Arcade (VARCADE)/alpine
[libretro INFO] [FBNeo] Using ROM with known crc 0x753bdd87 and name rh18.067 from archive /storage/TF2/Roms/Vertical Arcade (VARCADE)/alpine
[libretro INFO] [FBNeo] Using ROM with known crc 0x3efb3fcd and name rh19.066 from archive /storage/TF2/Roms/Vertical Arcade (VARCADE)/alpine
[libretro INFO] [FBNeo] Using ROM with known crc 0xc2cd4e79 and name rh20.065 from archive /storage/TF2/Roms/Vertical Arcade (VARCADE)/alpine
[libretro INFO] [FBNeo] Using ROM with known crc 0x74109145 and name rh21.064 from archive /storage/TF2/Roms/Vertical Arcade (VARCADE)/alpine
[libretro INFO] [FBNeo] Using ROM with known crc 0xefa82a57 and name rh22.055 from archive /storage/TF2/Roms/Vertical Arcade (VARCADE)/alpine
[libretro INFO] [FBNeo] Using ROM with known crc 0x77c25acf and name rh23.054 from archive /storage/TF2/Roms/Vertical Arcade (VARCADE)/alpine
[libretro INFO] [FBNeo] Using ROM with known crc 0xdcad1794 and name rh13.070 from archive /storage/TF2/Roms/Vertical Arcade (VARCADE)/alpine
[libretro INFO] [FBNeo] Using ROM with known crc 0x4b1d9455 and name rh24.001 from archive /storage/TF2/Roms/Vertical Arcade (VARCADE)/alpine
[libretro INFO] [FBNeo] Using ROM with known crc 0xbf71e278 and name rh25.002 from archive /storage/TF2/Roms/Vertical Arcade (VARCADE)/alpine
[libretro INFO] [FBNeo] Using ROM with known crc 0x13da2a9b and name rh26.003 from archive /storage/TF2/Roms/Vertical Arcade (VARCADE)/alpine
[libretro INFO] [FBNeo] Using ROM with known crc 0x425b52b0 and name rh27.004 from archive /storage/TF2/Roms/Vertical Arcade (VARCADE)/alpine
[libretro INFO] [FBNeo] Using ROM with known crc 0xb833b5ea and name eb16.22 from archive /storage/TF2/Roms/Vertical Arcade (VARCADE)/alpine
[libretro INFO] [FBNeo] No missing files, proceeding
[libretro INFO] [FBNeo] Samplerate set to 48000
[libretro INFO] [FBNeo] Applied dipswitches from core options
[libretro INFO] [FBNeo] Initialized driver for alpine
[libretro INFO] [FBNeo] Adjusted audio buffer to match driver's refresh rate (60.000000 Hz)
[libretro INFO] [Cheevos] System RAM set to 0x34434d80, size is 356352
[INFO] [Environ]: SET_ROTATION: 1
[INFO] [Environ]: SET_PIXEL_FORMAT: XRGB8888.
[libretro INFO] [FBNeo] Driver alpine was successfully started : game's full name is Alpine Ski (set 1)
[INFO] [Replay]: Found last replay slot: #0
[INFO] [SRAM]: Skipping SRAM load.
[INFO] [Core]: Version of libretro API: 1, Compiled against API: 1
[libretro INFO] [FBNeo] Timing set to 60.000000 Hz
[INFO] [Core]: Geometry: 256x224, Aspect: 0.750, FPS: 60.00, Sample rate: 48000.00 Hz.
[INFO] [Audio]: Set audio input rate to: 48000.00 Hz.
[INFO] [Video]: Set video size to: fullscreen.
[INFO] [Video]: Starting threaded video driver..
[INFO] [GL]: Found GL context: "kms".
[INFO] [GL]: Detecting screen resolution: 0x0.
[INFO] [GL]: Vendor: ARM, Renderer: Mali-G31.
[INFO] [GL]: Version: OpenGL ES 3.2 v1.r13p0-01rel0.8747d14aec16ec21ac2b2da252c4ec5f.
[INFO] [GL]: Using resolution 640x480.
[INFO] [GL]: Default shader backend found: glsl.
[INFO] [Shader driver]: Using GLSL shader backend.
[WARN] [GL]: Stock GLSL shaders will be used.
[INFO] [GLSL]: Found GLSL vertex shader.
[INFO] [GLSL]: Found GLSL fragment shader.
[INFO] [GLSL]: Linking GLSL program.
[INFO] [GLSL]: Found GLSL vertex shader.
[INFO] [GLSL]: Found GLSL fragment shader.
[INFO] [GLSL]: Linking GLSL program.
[INFO] [GLSL]: Found GLSL vertex shader.
[INFO] [GLSL]: Found GLSL fragment shader.
[INFO] [GLSL]: Linking GLSL program.
[INFO] [GL]: Using 4 textures.
[INFO] [GL]: Loaded 1 program(s).
[WARN] [udev]: Full-screen pointer won't be available.
[INFO] [udev]: Keyboard #0: "rk8xx_pwrkey" (/dev/input/event0).
[INFO] [udev]: Keyboard #1: "rg351-keys" (/dev/input/event3).
[INFO] [Autoconf]: GO-Super Gamepad (18507/4352) not configured.
[INFO] [udev]: Pad #0 (/dev/input/event2) supports force feedback.
[INFO] [udev]: Pad #0 (/dev/input/event2) supports 16 force feedback effects.
[INFO] [Joypad]: Found joypad driver: "udev".
[INFO] [Video]: Found display server: "null".
[WARN] [udev]: Mouse grab/ungrab feature unavailable.
[INFO] [ALSA] Using ALSA version 1.2.6.1
[INFO] [ALSA]: Using FLOAT_LE sample format for PLAYBACK device "default"
[INFO] [ALSA]: Period: 3 periods per buffer (1024 frames, 8192 bytes)
[INFO] [ALSA]: Buffer size: 3072 frames (24576 bytes)
[INFO] [ALSA]: Can pause: no.
[INFO] [ALSA]: Initialized PLAYBACK device "default"
[INFO] [Audio]: Started synchronous audio driver.
[INFO] [ALSA] Using ALSA version 1.2.6.1
[INFO] [Microphone]: Initialized microphone driver.
[INFO] [Display]: Found display driver: "gl".
[INFO] [Environ]: SET_SUBSYSTEM_INFO.
[libretro INFO] [FBNeo] Unknown device type for port 0, forcing "Classic" instead
[libretro INFO] [FBNeo] Unknown device type for port 1, forcing "Classic" instead
[INFO] [Playlist]: Loading history file: "/storage/TF2/Tools/magicmini/RetroArch.pak/.config/retroarch/content_history.lpl".
[INFO] [Playlist]: Loading history file: "/storage/TF2/Tools/magicmini/RetroArch.pak/.config/retroarch/content_music_history.lpl".
[INFO] [Playlist]: Loading history file: "/storage/TF2/Tools/magicmini/RetroArch.pak/.config/retroarch/content_image_history.lpl".
[INFO] [Playlist]: Loading favorites file: "/storage/TF2/Tools/magicmini/RetroArch.pak/.config/retroarch/content_favorites.lpl".
[INFO] [Playlist]: Written to playlist file: "/storage/TF2/Tools/magicmini/RetroArch.pak/.config/retroarch/content_history.lpl".
[INFO] [Environ]: SET_INPUT_DESCRIPTORS:
[INFO] [Environ]: SET_ROTATION: 2
[libretro INFO] [FBNeo] Timing set to 60.000000 Hz
[INFO] [Environ]: SET_GEOMETRY: 256x224, Aspect: 1.333.
[INFO] [Config]: Loading config: "/storage/TF2/Tools/magicmini/RetroArch.pak/.config/retroarch/retroarch.cfg".
[INFO] [Overrides]: Nothing to save. Overrides not saved.
[INFO] Auto save state to "/storage/TF2/Roms/Vertical Arcade (VARCADE)/alpine.state.auto" succeeded.
[INFO] [Config]: Saved new config to "/storage/TF2/Tools/magicmini/RetroArch.pak/.config/retroarch/retroarch.cfg".
[INFO] [Core]: Content ran for a total of: 00 hours, 00 minutes, 35 seconds.
[INFO] [Runtime]: Saving runtime log file: "/storage/TF2/Tools/magicmini/RetroArch.pak/.config/retroarch/logs/FinalBurn Neo/alpine.lrtl".
[INFO] [Core]: Unloading game..
[INFO] [Core]: Unloading core..
[INFO] [Core]: Unloading core symbols..
[INFO] [Core]: Saved folder-specific core options to "/storage/TF2/Tools/magicmini/RetroArch.pak/.config/retroarch/config/FinalBurn Neo/Vertical Arcade (VARCADE).opt".
[INFO] Threaded video stats: Frames pushed: 9815, Frames dropped: 0.
