[INFO] RetroArch 1.17.0 (Git ad8975cb5a)
[INFO] === Build =======================================
[INFO] Capabilities: ASIMD 
[INFO] Version: 1.17.0
[INFO] Git: ad8975cb5a
[INFO] Built: Aug  5 2024
[INFO] =================================================
[INFO] [Input]: Found input driver: "udev".
[INFO] Cannot resolve save file path.
[INFO] Cannot resolve save state file path.
[INFO] [Environ]: SET_PIXEL_FORMAT: RGB565.
[INFO] [Core]: Version of libretro API: 1, Compiled against API: 1
[INFO] [Core]: Geometry: 320x240, Aspect: 1.333, FPS: 60.00, Sample rate: 48000.00 Hz.
[INFO] [Audio]: Set audio input rate to: 48000.00 Hz.
[INFO] [Video]: Set video size to: fullscreen.
[INFO] [Video]: Starting threaded video driver..
[INFO] [GL]: Found GL context: "kms".
[INFO] [GL]: Detecting screen resolution: 0x0.
[INFO] [GL]: Vendor: ARM, Renderer: Mali-G31.
[INFO] [GL]: Version: OpenGL ES 3.2 v1.r13p0-01rel0.8747d14aec16ec21ac2b2da252c4ec5f.
[INFO] [GL]: Using resolution 640x480.
[INFO] [GL]: Default shader backend found: glsl.
[INFO] [Shader driver]: Using GLSL shader backend.
[WARN] [GL]: Stock GLSL shaders will be used.
[INFO] [GLSL]: Found GLSL vertex shader.
[INFO] [GLSL]: Found GLSL fragment shader.
[INFO] [GLSL]: Linking GLSL program.
[INFO] [GLSL]: Found GLSL vertex shader.
[INFO] [GLSL]: Found GLSL fragment shader.
[INFO] [GLSL]: Linking GLSL program.
[INFO] [GLSL]: Found GLSL vertex shader.
[INFO] [GLSL]: Found GLSL fragment shader.
[INFO] [GLSL]: Linking GLSL program.
[INFO] [GL]: Using 4 textures.
[INFO] [GL]: Loaded 1 program(s).
[WARN] [udev]: Full-screen pointer won't be available.
[INFO] [udev]: Keyboard #0: "rk8xx_pwrkey" (/dev/input/event0).
[INFO] [udev]: Keyboard #1: "rg351-keys" (/dev/input/event3).
[INFO] [udev]: Pad #0 (/dev/input/event2) supports force feedback.
[INFO] [udev]: Pad #0 (/dev/input/event2) supports 16 force feedback effects.
[INFO] [Autoconf]: GO-Super Gamepad (18507/4352) not configured.
[INFO] [Joypad]: Found joypad driver: "udev".
[INFO] [Video]: Found display server: "null".
[WARN] [udev]: Mouse grab/ungrab feature unavailable.
[INFO] [ALSA] Using ALSA version 1.2.6.1
[INFO] [ALSA]: Using FLOAT_LE sample format for PLAYBACK device "default"
[INFO] [ALSA]: Period: 3 periods per buffer (1024 frames, 8192 bytes)
[INFO] [ALSA]: Buffer size: 3072 frames (24576 bytes)
[INFO] [ALSA]: Can pause: no.
[INFO] [ALSA]: Initialized PLAYBACK device "default"
[INFO] [Audio]: Started synchronous audio driver.
[INFO] [ALSA] Using ALSA version 1.2.6.1
[INFO] [Microphone]: Initialized microphone driver.
[INFO] [Display]: Found display driver: "gl".
[INFO] [Playlist]: Loading history file: "/storage/TF2/Tools/magicmini/RetroArch.pak/.config/retroarch/content_history.lpl".
[INFO] [Playlist]: Loading history file: "/storage/TF2/Tools/magicmini/RetroArch.pak/.config/retroarch/content_music_history.lpl".
[INFO] [Playlist]: Loading history file: "/storage/TF2/Tools/magicmini/RetroArch.pak/.config/retroarch/content_image_history.lpl".
[INFO] [Playlist]: Loading favorites file: "/storage/TF2/Tools/magicmini/RetroArch.pak/.config/retroarch/content_favorites.lpl".
[INFO] [Environ]: SET_SUBSYSTEM_INFO.
[INFO] [Content]: Updating firmware status for: "/storage/TF2/Tools/magicmini/RetroArch.pak/.config/retroarch/cores/mupen64plus_next_libretro.so" on "/storage/TF2/Tools/magicmini/RetroArch.pak/roms/bios".
[INFO] [Core]: Using content: "/storage/TF2/Roms/Nintendo 64 (N64)/Super Smash Bros. (USA).z64".
[INFO] [Core]: Content ran for a total of: 00 hours, 00 minutes, 00 seconds.
[INFO] [Core]: Unloading core..
[INFO] [Core]: Unloading core symbols..
[INFO] Threaded video stats: Frames pushed: 2093, Frames dropped: 0.
[INFO] RetroArch 1.17.0 (Git ad8975cb5a)
[INFO] === Build =======================================
[INFO] Capabilities: ASIMD 
[INFO] Version: 1.17.0
[INFO] Git: ad8975cb5a
[INFO] Built: Aug  5 2024
[INFO] =================================================
[INFO] [Input]: Found input driver: "udev".
[INFO] [Core]: Loading dynamic libretro core from: "/storage/TF2/Tools/magicmini/RetroArch.pak/.config/retroarch/cores/mupen64plus_next_libretro.so"
[INFO] [Overrides]: Redirecting save file to "/storage/TF2/Roms/Nintendo 64 (N64)/Super Smash Bros. (USA).srm".
[INFO] [Overrides]: Redirecting save state to "/storage/TF2/Roms/Nintendo 64 (N64)/Super Smash Bros. (USA).state".
[INFO] [Environ]: GET_CORE_OPTIONS_VERSION.
[INFO] [Environ]: RETRO_ENVIRONMENT_SET_CORE_OPTIONS_V2.
[INFO] [Environ]: SET_CONTROLLER_INFO.
[INFO] [Environ]: SYSTEM_DIRECTORY: "/storage/TF2/Tools/magicmini/RetroArch.pak/roms/bios".
[INFO] [Environ]: SYSTEM_DIRECTORY: "/storage/TF2/Tools/magicmini/RetroArch.pak/roms/bios".
[INFO] [Environ]: GET_LOG_INTERFACE.
[INFO] [Environ]: GET_PERF_INTERFACE.
[INFO] [Environ]: SET_PIXEL_FORMAT: XRGB8888.
[INFO] [Environ]: GET_RUMBLE_INTERFACE.
[INFO] [Content]: Loading content file: "/storage/TF2/Roms/Nintendo 64 (N64)/Super Smash Bros. (USA).z64".
[ERROR] [Environ]: GET_VARIABLE: mupen64plus-MultiSampling - Invalid value.
[ERROR] [Environ]: GET_VARIABLE: mupen64plus-EnableN64DepthCompare - Invalid value.
[ERROR] [Environ]: GET_VARIABLE: mupen64plus-EnableShadersStorage - Invalid value.
[INFO] [Environ]: SET_HW_RENDER, context type: gl.
[INFO] Requesting OpenGLES2 context.
[libretro INFO] mupen64plus: Using compressed mem base
[INFO] [Environ]: SYSTEM_DIRECTORY: "/storage/TF2/Tools/magicmini/RetroArch.pak/roms/bios".
[libretro INFO] mupen64plus: Goodname: Super Smash Bros. (U) [!]
[libretro INFO] mupen64plus: Name: SMASH BROTHERS      
[libretro INFO] mupen64plus: MD5: F7C52568A31AADF26E14DC2B6416B2ED
[libretro INFO] mupen64plus: CRC: 916B8B5B 780B85A4
[libretro INFO] mupen64plus: Imagetype: .z64 (native)
[libretro INFO] mupen64plus: Rom size: 16777216 bytes (or 16 Mb or 128 Megabits)
[libretro INFO] mupen64plus: ClockRate = F
[libretro INFO] mupen64plus: Version: 1449
[libretro INFO] mupen64plus: Manufacturer: Nintendo
[libretro INFO] mupen64plus: Cartridge_ID: 4C41
[libretro INFO] mupen64plus: Country: USA
[libretro INFO] mupen64plus: PC = 80100400
[libretro INFO] mupen64plus: Save type: 2
[INFO] [Replay]: Found last replay slot: #0
[INFO] [SRAM]: Skipping SRAM load.
[INFO] [Core]: Version of libretro API: 1, Compiled against API: 1
[INFO] [Core]: Geometry: 640x480, Aspect: 1.333, FPS: 60.00, Sample rate: 44100.00 Hz.
[INFO] [Audio]: Set audio input rate to: 44100.00 Hz.
[INFO] [Video]: Set video size to: fullscreen.
[INFO] [Video]: Using HW render, OpenGL driver forced.
[INFO] [Video]: Using configured "gl" driver for GL HW render.
[INFO] [GL]: Found GL context: "kms".
[INFO] [GL]: Detecting screen resolution: 0x0.
[INFO] [GL]: Vendor: ARM, Renderer: Mali-G31.
[INFO] [GL]: Version: OpenGL ES 3.2 v1.r13p0-01rel0.8747d14aec16ec21ac2b2da252c4ec5f.
[INFO] [GL]: Using resolution 640x480.
[INFO] [GL]: Default shader backend found: glsl.
[INFO] [Shader driver]: Using GLSL shader backend.
[WARN] [GL]: Stock GLSL shaders will be used.
[INFO] [GLSL]: Found GLSL vertex shader.
[INFO] [GLSL]: Found GLSL fragment shader.
[INFO] [GLSL]: Linking GLSL program.
[INFO] [GLSL]: Found GLSL vertex shader.
[INFO] [GLSL]: Found GLSL fragment shader.
[INFO] [GLSL]: Linking GLSL program.
[INFO] [GLSL]: Found GLSL vertex shader.
[INFO] [GLSL]: Found GLSL fragment shader.
[INFO] [GLSL]: Linking GLSL program.
[INFO] [GL]: Using 1 textures.
[INFO] [GL]: Loaded 1 program(s).
[INFO] [GL]: Initializing HW render (1024x1024).
[INFO] [GL]: Max texture size: 8192 px, renderbuffer size: 8192 px.
[INFO] [GL]: Supports FBO (render-to-texture).
[WARN] [udev]: Full-screen pointer won't be available.
[INFO] [udev]: Keyboard #0: "rk8xx_pwrkey" (/dev/input/event0).
[INFO] [udev]: Keyboard #1: "rg351-keys" (/dev/input/event3).
[INFO] [Autoconf]: GO-Super Gamepad (18507/4352) not configured.
[INFO] [udev]: Pad #0 (/dev/input/event2) supports force feedback.
[INFO] [udev]: Pad #0 (/dev/input/event2) supports 16 force feedback effects.
[INFO] [Joypad]: Found joypad driver: "udev".
[INFO] [Video]: Found display server: "null".
[WARN] [udev]: Mouse grab/ungrab feature unavailable.
[INFO] [Environ]: SET_INPUT_DESCRIPTORS:
[INFO] [ALSA] Using ALSA version 1.2.6.1
[INFO] [ALSA]: Using FLOAT_LE sample format for PLAYBACK device "default"
[INFO] [ALSA]: Period: 3 periods per buffer (1024 frames, 8192 bytes)
[INFO] [ALSA]: Buffer size: 3072 frames (24576 bytes)
[INFO] [ALSA]: Can pause: no.
[INFO] [ALSA]: Initialized PLAYBACK device "default"
[INFO] [Audio]: Started synchronous audio driver.
[INFO] [ALSA] Using ALSA version 1.2.6.1
[INFO] [Microphone]: Initialized microphone driver.
[INFO] [Display]: Found display driver: "gl".
[INFO] [Environ]: SET_SUBSYSTEM_INFO.
[INFO] [Playlist]: Loading history file: "/storage/TF2/Tools/magicmini/RetroArch.pak/.config/retroarch/content_history.lpl".
[INFO] [Playlist]: Loading history file: "/storage/TF2/Tools/magicmini/RetroArch.pak/.config/retroarch/content_music_history.lpl".
[INFO] [Playlist]: Loading history file: "/storage/TF2/Tools/magicmini/RetroArch.pak/.config/retroarch/content_image_history.lpl".
[INFO] [Playlist]: Loading favorites file: "/storage/TF2/Tools/magicmini/RetroArch.pak/.config/retroarch/content_favorites.lpl".
[INFO] [Playlist]: Written to playlist file: "/storage/TF2/Tools/magicmini/RetroArch.pak/.config/retroarch/content_history.lpl".
[INFO] [Environ]: SYSTEM_DIRECTORY: "/storage/TF2/Tools/magicmini/RetroArch.pak/roms/bios".
[libretro INFO] mupen64plus: Game controller 0 (Standard controller) has a Memory pak plugged in
[libretro INFO] mupen64plus: Game controller 1 (Standard controller) has nothing plugged in
[libretro INFO] mupen64plus: Game controller 2 (Standard controller) has nothing plugged in
[libretro INFO] mupen64plus: Game controller 3 (Standard controller) has nothing plugged in
[libretro INFO] mupen64plus: Using CIC type X103
[INFO] [Environ]: SYSTEM_DIRECTORY: "/storage/TF2/Tools/magicmini/RetroArch.pak/roms/bios".
[INFO] [Environ]: SYSTEM_DIRECTORY: "/storage/TF2/Tools/magicmini/RetroArch.pak/roms/bios".
[INFO] [Environ]: SYSTEM_DIRECTORY: "/storage/TF2/Tools/magicmini/RetroArch.pak/roms/bios".
[INFO] [Environ]: SYSTEM_DIRECTORY: "/storage/TF2/Tools/magicmini/RetroArch.pak/roms/bios".
[INFO] [Environ]: SYSTEM_DIRECTORY: "/storage/TF2/Tools/magicmini/RetroArch.pak/roms/bios".
[libretro INFO] mupen64plus: Initializing 4 RDRAM modules for a total of 8 MB
[libretro INFO] mupen64plus: Starting R4300 emulator: Dynamic Recompiler
[libretro INFO] mupen64plus: Init new dynarec
