[INFO] RetroArch 1.17.0 (Git ad8975cb5a)
[INFO] === Build =======================================
[INFO] Capabilities: ASIMD 
[INFO] Version: 1.17.0
[INFO] Git: ad8975cb5a
[INFO] Built: Aug  5 2024
[INFO] =================================================
[INFO] [Input]: Found input driver: "udev".
[INFO] Cannot resolve save file path.
[INFO] Cannot resolve save state file path.
[INFO] [Environ]: SET_PIXEL_FORMAT: RGB565.
[INFO] [Core]: Version of libretro API: 1, Compiled against API: 1
[INFO] [Core]: Geometry: 320x240, Aspect: 1.333, FPS: 60.00, Sample rate: 48000.00 Hz.
[INFO] [Audio]: Set audio input rate to: 48000.00 Hz.
[INFO] [Video]: Set video size to: fullscreen.
[INFO] [Video]: Starting threaded video driver..
[INFO] [GL]: Found GL context: "kms".
[INFO] [GL]: Detecting screen resolution: 0x0.
[INFO] [GL]: Vendor: ARM, Renderer: Mali-G31.
[INFO] [GL]: Version: OpenGL ES 3.2 v1.r13p0-01rel0.8747d14aec16ec21ac2b2da252c4ec5f.
[INFO] [GL]: Using resolution 640x480.
[INFO] [GL]: Default shader backend found: glsl.
[INFO] [Shader driver]: Using GLSL shader backend.
[WARN] [GL]: Stock GLSL shaders will be used.
[INFO] [GLSL]: Found GLSL vertex shader.
[INFO] [GLSL]: Found GLSL fragment shader.
[INFO] [GLSL]: Linking GLSL program.
[INFO] [GLSL]: Found GLSL vertex shader.
[INFO] [GLSL]: Found GLSL fragment shader.
[INFO] [GLSL]: Linking GLSL program.
[INFO] [GLSL]: Found GLSL vertex shader.
[INFO] [GLSL]: Found GLSL fragment shader.
[INFO] [GLSL]: Linking GLSL program.
[INFO] [GL]: Using 4 textures.
[INFO] [GL]: Loaded 1 program(s).
[WARN] [udev]: Full-screen pointer won't be available.
[INFO] [udev]: Keyboard #0: "rk8xx_pwrkey" (/dev/input/event0).
[INFO] [udev]: Keyboard #1: "rg351-keys" (/dev/input/event3).
[INFO] [Autoconf]: GO-Super Gamepad (18507/4352) not configured.
[INFO] [udev]: Pad #0 (/dev/input/event2) supports force feedback.
[INFO] [udev]: Pad #0 (/dev/input/event2) supports 16 force feedback effects.
[INFO] [Joypad]: Found joypad driver: "udev".
[INFO] [Video]: Found display server: "null".
[WARN] [udev]: Mouse grab/ungrab feature unavailable.
[INFO] [ALSA] Using ALSA version 1.2.6.1
[INFO] [ALSA]: Using FLOAT_LE sample format for PLAYBACK device "default"
[INFO] [ALSA]: Period: 3 periods per buffer (1024 frames, 8192 bytes)
[INFO] [ALSA]: Buffer size: 3072 frames (24576 bytes)
[INFO] [ALSA]: Can pause: no.
[INFO] [ALSA]: Initialized PLAYBACK device "default"
[INFO] [Audio]: Started synchronous audio driver.
[INFO] [ALSA] Using ALSA version 1.2.6.1
[INFO] [Microphone]: Initialized microphone driver.
[INFO] [Display]: Found display driver: "gl".
[INFO] [Playlist]: Loading history file: "/storage/TF2/Tools/magicmini/RetroArch.pak/.config/retroarch/content_history.lpl".
[INFO] [Playlist]: Loading history file: "/storage/TF2/Tools/magicmini/RetroArch.pak/.config/retroarch/content_music_history.lpl".
[INFO] [Playlist]: Loading history file: "/storage/TF2/Tools/magicmini/RetroArch.pak/.config/retroarch/content_image_history.lpl".
[INFO] [Playlist]: Loading favorites file: "/storage/TF2/Tools/magicmini/RetroArch.pak/.config/retroarch/content_favorites.lpl".
[INFO] [Config]: Saved new config to "/storage/TF2/Tools/magicmini/RetroArch.pak/.config/retroarch/retroarch.cfg".
[INFO] [Environ]: SET_SUBSYSTEM_INFO.
[INFO] [Content]: Updating firmware status for: "/storage/TF2/Tools/magicmini/RetroArch.pak/.config/retroarch/cores/fbneo_libretro.so" on "/storage/TF2/Tools/magicmini/RetroArch.pak/roms/bios".
[INFO] [Core]: Using content: "/storage/TF2/Roms/Vertical Arcade (VARCADE)/1943kai.zip".
[INFO] [Core]: Content ran for a total of: 00 hours, 00 minutes, 00 seconds.
[INFO] [Core]: Unloading core..
[INFO] [Core]: Unloading core symbols..
[INFO] Threaded video stats: Frames pushed: 27898, Frames dropped: 0.
[INFO] RetroArch 1.17.0 (Git ad8975cb5a)
[INFO] === Build =======================================
[INFO] Capabilities: ASIMD 
[INFO] Version: 1.17.0
[INFO] Git: ad8975cb5a
[INFO] Built: Aug  5 2024
[INFO] =================================================
[INFO] [Input]: Found input driver: "udev".
[INFO] [Core]: Loading dynamic libretro core from: "/storage/TF2/Tools/magicmini/RetroArch.pak/.config/retroarch/cores/fbneo_libretro.so"
[INFO] [Overrides]: Redirecting save file to "/storage/TF2/Roms/Vertical Arcade (VARCADE)/1943kai.srm".
[INFO] [Overrides]: Redirecting save state to "/storage/TF2/Roms/Vertical Arcade (VARCADE)/1943kai.state".
[INFO] [Environ]: GET_LOG_INTERFACE.
[INFO] [Environ]: GET_MESSAGE_INTERFACE_VERSION.
[INFO] [Environ]: SET_AUDIO_BUFFER_STATUS_CALLBACK.
[INFO] [Content]: Content loading skipped. Implementation will load it on its own.
[INFO] [Environ]: SAVE_DIRECTORY: "/storage/TF2/Roms/Vertical Arcade (VARCADE)/".
[libretro INFO] Setting save dir to /storage/TF2/Roms/Vertical Arcade (VARCADE)/
[INFO] [Environ]: SYSTEM_DIRECTORY: "/storage/TF2/Tools/magicmini/RetroArch.pak/roms/bios".
[libretro INFO] Setting system dir to /storage/TF2/Tools/magicmini/RetroArch.pak/roms/bios
[INFO] [Environ]: SET_CONTROLLER_INFO.
[libretro INFO] Initialize DIP switches.
[INFO] [Environ]: GET_CORE_OPTIONS_VERSION.
[INFO] [Environ]: RETRO_ENVIRONMENT_SET_CORE_OPTIONS_V2.
[libretro INFO] [FBNeo] Searching all possible locations for romset 1943kai
[libretro INFO] [FBNeo] No patched romset found at /storage/TF2/Tools/magicmini/RetroArch.pak/roms/bios/fbneo/patched/1943kai
[libretro INFO] [FBNeo] Romset found at /storage/TF2/Roms/Vertical Arcade (VARCADE)/1943kai
[libretro INFO] [FBNeo] No romset found at /storage/TF2/Tools/magicmini/RetroArch.pak/roms/bios/fbneo/1943kai
[libretro INFO] [FBNeo] No romset found at /storage/TF2/Tools/magicmini/RetroArch.pak/roms/bios/1943kai
[libretro INFO] [FBNeo] Using ROM with known crc 0x7d2211db and name 1943kai.01 from archive /storage/TF2/Roms/Vertical Arcade (VARCADE)/1943kai
[libretro INFO] [FBNeo] Using ROM with known crc 0x2ebbc8c5 and name 1943kai.02 from archive /storage/TF2/Roms/Vertical Arcade (VARCADE)/1943kai
[libretro INFO] [FBNeo] Using ROM with known crc 0x475a6ac5 and name 1943kai.03 from archive /storage/TF2/Roms/Vertical Arcade (VARCADE)/1943kai
[libretro INFO] [FBNeo] Using ROM with known crc 0x25f37957 and name 1943kai.05 from archive /storage/TF2/Roms/Vertical Arcade (VARCADE)/1943kai
[libretro INFO] [FBNeo] Using ROM with known crc 0x884a8692 and name 1943kai.04 from archive /storage/TF2/Roms/Vertical Arcade (VARCADE)/1943kai
[libretro INFO] [FBNeo] Using ROM with known crc 0x6b1a0443 and name 1943kai.15 from archive /storage/TF2/Roms/Vertical Arcade (VARCADE)/1943kai
[libretro INFO] [FBNeo] Using ROM with known crc 0x9416fe0d and name 1943kai.16 from archive /storage/TF2/Roms/Vertical Arcade (VARCADE)/1943kai
[libretro INFO] [FBNeo] Using ROM with known crc 0x3d5acab9 and name 1943kai.17 from archive /storage/TF2/Roms/Vertical Arcade (VARCADE)/1943kai
[libretro INFO] [FBNeo] Using ROM with known crc 0x7b62da1d and name 1943kai.18 from archive /storage/TF2/Roms/Vertical Arcade (VARCADE)/1943kai
[libretro INFO] [FBNeo] Using ROM with known crc 0x868ababc and name 1943kai.19 from archive /storage/TF2/Roms/Vertical Arcade (VARCADE)/1943kai
[libretro INFO] [FBNeo] Using ROM with known crc 0xb90364c1 and name 1943kai.20 from archive /storage/TF2/Roms/Vertical Arcade (VARCADE)/1943kai
[libretro INFO] [FBNeo] Using ROM with known crc 0x8c7fe74a and name 1943kai.21 from archive /storage/TF2/Roms/Vertical Arcade (VARCADE)/1943kai
[libretro INFO] [FBNeo] Using ROM with known crc 0xd5ef8a0e and name 1943kai.22 from archive /storage/TF2/Roms/Vertical Arcade (VARCADE)/1943kai
[libretro INFO] [FBNeo] Using ROM with known crc 0xbf186ef2 and name 1943kai.24 from archive /storage/TF2/Roms/Vertical Arcade (VARCADE)/1943kai
[libretro INFO] [FBNeo] Using ROM with known crc 0xa755faf1 and name 1943kai.25 from archive /storage/TF2/Roms/Vertical Arcade (VARCADE)/1943kai
[libretro INFO] [FBNeo] Using ROM with known crc 0x5f7e38b3 and name 1943kai.06 from archive /storage/TF2/Roms/Vertical Arcade (VARCADE)/1943kai
[libretro INFO] [FBNeo] Using ROM with known crc 0xff3751fd and name 1943kai.07 from archive /storage/TF2/Roms/Vertical Arcade (VARCADE)/1943kai
[libretro INFO] [FBNeo] Using ROM with known crc 0x159d51bd and name 1943kai.08 from archive /storage/TF2/Roms/Vertical Arcade (VARCADE)/1943kai
[libretro INFO] [FBNeo] Using ROM with known crc 0x8683e3d2 and name 1943kai.09 from archive /storage/TF2/Roms/Vertical Arcade (VARCADE)/1943kai
[libretro INFO] [FBNeo] Using ROM with known crc 0x1e0d9571 and name 1943kai.10 from archive /storage/TF2/Roms/Vertical Arcade (VARCADE)/1943kai
[libretro INFO] [FBNeo] Using ROM with known crc 0xf1fc5ee1 and name 1943kai.11 from archive /storage/TF2/Roms/Vertical Arcade (VARCADE)/1943kai
[libretro INFO] [FBNeo] Using ROM with known crc 0x0f50c001 and name 1943kai.12 from archive /storage/TF2/Roms/Vertical Arcade (VARCADE)/1943kai
[libretro INFO] [FBNeo] Using ROM with known crc 0xfd1acf8e and name 1943kai.13 from archive /storage/TF2/Roms/Vertical Arcade (VARCADE)/1943kai
[libretro INFO] [FBNeo] Using ROM with known crc 0xcf0f5a53 and name 1943kai.14 from archive /storage/TF2/Roms/Vertical Arcade (VARCADE)/1943kai
[libretro INFO] [FBNeo] Using ROM with known crc 0x17f77ef9 and name 1943kai.23 from archive /storage/TF2/Roms/Vertical Arcade (VARCADE)/1943kai
[libretro INFO] [FBNeo] Using ROM with known crc 0xe001ea33 and name bmk01.bin from archive /storage/TF2/Roms/Vertical Arcade (VARCADE)/1943kai
[libretro INFO] [FBNeo] Using ROM with known crc 0xaf34d91a and name bmk02.bin from archive /storage/TF2/Roms/Vertical Arcade (VARCADE)/1943kai
[libretro INFO] [FBNeo] Using ROM with known crc 0x43e9f6ef and name bmk03.bin from archive /storage/TF2/Roms/Vertical Arcade (VARCADE)/1943kai
[libretro INFO] [FBNeo] Using ROM with known crc 0x41878934 and name bmk05.bin from archive /storage/TF2/Roms/Vertical Arcade (VARCADE)/1943kai
[libretro INFO] [FBNeo] Using ROM with known crc 0xde44b748 and name bmk10.bin from archive /storage/TF2/Roms/Vertical Arcade (VARCADE)/1943kai
[libretro INFO] [FBNeo] Using ROM with known crc 0x59ea57c0 and name bmk09.bin from archive /storage/TF2/Roms/Vertical Arcade (VARCADE)/1943kai
[libretro INFO] [FBNeo] Using ROM with known crc 0x8765f8b0 and name bmk12.bin from archive /storage/TF2/Roms/Vertical Arcade (VARCADE)/1943kai
[libretro INFO] [FBNeo] Using ROM with known crc 0x87a8854e and name bmk11.bin from archive /storage/TF2/Roms/Vertical Arcade (VARCADE)/1943kai
[libretro INFO] [FBNeo] Using ROM with known crc 0xdad17e2d and name bmk08.bin from archive /storage/TF2/Roms/Vertical Arcade (VARCADE)/1943kai
[libretro INFO] [FBNeo] Using ROM with known crc 0x76307f8d and name bmk07.bin from archive /storage/TF2/Roms/Vertical Arcade (VARCADE)/1943kai
[libretro INFO] [FBNeo] Using ROM with known crc 0x91a8a2e1 and name bmprom.04 from archive /storage/TF2/Roms/Vertical Arcade (VARCADE)/1943kai
[libretro INFO] [FBNeo] Using ROM with known crc 0x0eaf5158 and name bmprom.06 from archive /storage/TF2/Roms/Vertical Arcade (VARCADE)/1943kai
[libretro INFO] [FBNeo] No missing files, proceeding
[libretro INFO] [FBNeo] Samplerate set to 48000
[libretro INFO] [FBNeo] Applied dipswitches from core options
[libretro INFO] [FBNeo] Initialized driver for 1943kai
[libretro INFO] [FBNeo] Adjusted audio buffer to match driver's refresh rate (60.000000 Hz)
[libretro INFO] [Cheevos] System RAM set to 0x2791d5f0, size is 12288
[INFO] [Environ]: SET_ROTATION: 1
[INFO] [Environ]: SET_PIXEL_FORMAT: XRGB8888.
[libretro INFO] [FBNeo] Driver 1943kai was successfully started : game's full name is 1943 Kai: Midway Kaisen (Japan)
[INFO] [Replay]: Found last replay slot: #0
[INFO] [SRAM]: Skipping SRAM load.
[INFO] [Core]: Version of libretro API: 1, Compiled against API: 1
[libretro INFO] [FBNeo] Timing set to 60.000000 Hz
[INFO] [Core]: Geometry: 256x224, Aspect: 0.750, FPS: 60.00, Sample rate: 48000.00 Hz.
[INFO] [Audio]: Set audio input rate to: 48000.00 Hz.
[INFO] [Video]: Set video size to: fullscreen.
[INFO] [Video]: Starting threaded video driver..
[INFO] [GL]: Found GL context: "kms".
[INFO] [GL]: Detecting screen resolution: 0x0.
[INFO] [GL]: Vendor: ARM, Renderer: Mali-G31.
[INFO] [GL]: Version: OpenGL ES 3.2 v1.r13p0-01rel0.8747d14aec16ec21ac2b2da252c4ec5f.
[INFO] [GL]: Using resolution 640x480.
[INFO] [GL]: Default shader backend found: glsl.
[INFO] [Shader driver]: Using GLSL shader backend.
[WARN] [GL]: Stock GLSL shaders will be used.
[INFO] [GLSL]: Found GLSL vertex shader.
[INFO] [GLSL]: Found GLSL fragment shader.
[INFO] [GLSL]: Linking GLSL program.
[INFO] [GLSL]: Found GLSL vertex shader.
[INFO] [GLSL]: Found GLSL fragment shader.
[INFO] [GLSL]: Linking GLSL program.
[INFO] [GLSL]: Found GLSL vertex shader.
[INFO] [GLSL]: Found GLSL fragment shader.
[INFO] [GLSL]: Linking GLSL program.
[INFO] [GL]: Using 4 textures.
[INFO] [GL]: Loaded 1 program(s).
[WARN] [udev]: Full-screen pointer won't be available.
[INFO] [udev]: Keyboard #0: "rk8xx_pwrkey" (/dev/input/event0).
[INFO] [udev]: Keyboard #1: "rg351-keys" (/dev/input/event3).
[INFO] [Autoconf]: GO-Super Gamepad (18507/4352) not configured.
[INFO] [udev]: Pad #0 (/dev/input/event2) supports force feedback.
[INFO] [udev]: Pad #0 (/dev/input/event2) supports 16 force feedback effects.
[INFO] [Joypad]: Found joypad driver: "udev".
[INFO] [Video]: Found display server: "null".
[WARN] [udev]: Mouse grab/ungrab feature unavailable.
[INFO] [ALSA] Using ALSA version 1.2.6.1
[INFO] [ALSA]: Using FLOAT_LE sample format for PLAYBACK device "default"
[INFO] [ALSA]: Period: 3 periods per buffer (1024 frames, 8192 bytes)
[INFO] [ALSA]: Buffer size: 3072 frames (24576 bytes)
[INFO] [ALSA]: Can pause: no.
[INFO] [ALSA]: Initialized PLAYBACK device "default"
[INFO] [Audio]: Started synchronous audio driver.
[INFO] [ALSA] Using ALSA version 1.2.6.1
[INFO] [Microphone]: Initialized microphone driver.
[INFO] [Display]: Found display driver: "gl".
[INFO] [Environ]: SET_SUBSYSTEM_INFO.
[libretro INFO] [FBNeo] Unknown device type for port 0, forcing "Classic" instead
[libretro INFO] [FBNeo] Unknown device type for port 1, forcing "Classic" instead
[INFO] [Playlist]: Written to playlist file: "/storage/TF2/Tools/magicmini/RetroArch.pak/.config/retroarch/content_history.lpl".
[INFO] [Playlist]: Written to playlist file: "/storage/TF2/Tools/magicmini/RetroArch.pak/.config/retroarch/content_music_history.lpl".
[INFO] [Playlist]: Written to playlist file: "/storage/TF2/Tools/magicmini/RetroArch.pak/.config/retroarch/content_image_history.lpl".
[INFO] [Playlist]: Loading history file: "/storage/TF2/Tools/magicmini/RetroArch.pak/.config/retroarch/content_history.lpl".
[INFO] [Playlist]: Loading history file: "/storage/TF2/Tools/magicmini/RetroArch.pak/.config/retroarch/content_music_history.lpl".
[INFO] [Playlist]: Loading history file: "/storage/TF2/Tools/magicmini/RetroArch.pak/.config/retroarch/content_image_history.lpl".
[INFO] [Playlist]: Loading favorites file: "/storage/TF2/Tools/magicmini/RetroArch.pak/.config/retroarch/content_favorites.lpl".
[INFO] [Playlist]: Written to playlist file: "/storage/TF2/Tools/magicmini/RetroArch.pak/.config/retroarch/content_history.lpl".
[INFO] [Environ]: SET_INPUT_DESCRIPTORS:
[INFO] Auto save state to "/storage/TF2/Roms/Vertical Arcade (VARCADE)/1943kai.state.auto" succeeded.
[INFO] [Config]: Saved new config to "/storage/TF2/Tools/magicmini/RetroArch.pak/.config/retroarch/retroarch.cfg".
[INFO] [Core]: Content ran for a total of: 00 hours, 00 minutes, 21 seconds.
[INFO] [Runtime]: Saving runtime log file: "/storage/TF2/Tools/magicmini/RetroArch.pak/.config/retroarch/logs/FinalBurn Neo/1943kai.lrtl".
[INFO] [Core]: Unloading game..
[INFO] [Core]: Unloading core..
[INFO] [Core]: Unloading core symbols..
[INFO] [Core]: Saved core options file to "/storage/TF2/Tools/magicmini/RetroArch.pak/.config/retroarch/config/FinalBurn Neo/FinalBurn Neo.opt".
[INFO] Threaded video stats: Frames pushed: 1660, Frames dropped: 0.
